<?xml version="1.0" encoding="UTF-8"?>
<!-- Generated by org.testng.reporters.JUnitReportReporter -->
<testsuite skipped="0" hostname="DESKTOP-FLKLPOH" name="com.supermarket.tests.LoginTest" tests="1" failures="0" timestamp="2022-06-29T22:29:49 IST" time="11.046" errors="0">
  <testcase name="verifyExcelData" time="11.046" classname="com.supermarket.tests.LoginTest"/>
  <system-out/>
</testsuite> <!-- com.supermarket.tests.LoginTest -->
