<?xml version="1.0" encoding="UTF-8"?>
<!-- Generated by org.testng.reporters.JUnitReportReporter -->
<testsuite skipped="0" hostname="DESKTOP-FLKLPOH" name="com.supermarket.tests.VerifyUsersTest" tests="1" failures="0" timestamp="2022-06-30T07:38:50 IST" time="13.274" errors="0">
  <testcase name="verifyPushNotification" time="13.274" classname="com.supermarket.tests.VerifyUsersTest"/>
  <system-out/>
</testsuite> <!-- com.supermarket.tests.VerifyUsersTest -->
